<?xml version="1.0" encoding="UTF-8"?>
<!-- Generated by org.testng.reporters.JUnitReportReporter -->
<testsuite hostname="Rithvik" name="loginWithDataProviderAnnotation.LoginWithBothIncorrect" tests="1" failures="0" timestamp="2 Jun 2020 11:43:45 GMT" time="20.782" errors="0">
  <testcase name="loginWithBothcorrect" time="20.782" classname="loginWithDataProviderAnnotation.LoginWithBothIncorrect"/>
</testsuite> <!-- loginWithDataProviderAnnotation.LoginWithBothIncorrect -->
