<?xml version="1.0" encoding="UTF-8"?>
<!-- Generated by org.testng.reporters.JUnitReportReporter -->
<testsuite hostname="Rithvik" name="loginWithParameterAttributes.LoginWithBothIncorrect" tests="1" failures="0" timestamp="2 Jun 2020 12:16:31 GMT" time="16.462" errors="0">
  <testcase name="loginWithBothIncorrect" time="16.462" classname="loginWithParameterAttributes.LoginWithBothIncorrect"/>
</testsuite> <!-- loginWithParameterAttributes.LoginWithBothIncorrect -->
