<?xml version="1.0" encoding="UTF-8"?>
<!-- Generated by org.testng.reporters.JUnitReportReporter -->
<testsuite hostname="Rithvik" name="loginWithParameterAttributes.LoginWithCorrectUsername" tests="1" failures="0" timestamp="2 Jun 2020 12:16:31 GMT" time="14.625" errors="0">
  <testcase name="loginWithCorrectUsername" time="14.625" classname="loginWithParameterAttributes.LoginWithCorrectUsername"/>
</testsuite> <!-- loginWithParameterAttributes.LoginWithCorrectUsername -->
