<?xml version="1.0" encoding="UTF-8"?>
<!-- Generated by org.testng.reporters.JUnitReportReporter -->
<testsuite hostname="Rithvik" name="loginWithDataProviderAnnotation.LoginWithCorrectUsername" tests="1" failures="0" timestamp="2 Jun 2020 11:43:45 GMT" time="14.697" errors="0">
  <testcase name="loginWithBothcorrect" time="14.697" classname="loginWithDataProviderAnnotation.LoginWithCorrectUsername"/>
</testsuite> <!-- loginWithDataProviderAnnotation.LoginWithCorrectUsername -->
