<?xml version="1.0" encoding="UTF-8"?>
<!-- Generated by org.testng.reporters.JUnitReportReporter -->
<testsuite hostname="Rithvik" name="loginWithDataProviderAnnotation.LoginWithcorrectPassword" tests="1" failures="0" timestamp="2 Jun 2020 11:43:44 GMT" time="16.383" errors="0">
  <testcase name="loginWithBothcorrect" time="16.383" classname="loginWithDataProviderAnnotation.LoginWithcorrectPassword"/>
</testsuite> <!-- loginWithDataProviderAnnotation.LoginWithcorrectPassword -->
