<?xml version="1.0" encoding="UTF-8"?>
<!-- Generated by org.testng.reporters.JUnitReportReporter -->
<testsuite hostname="Rithvik" name="loginWithParameterAttributes.LoginWithBothCorrect" tests="1" failures="0" timestamp="2 Jun 2020 12:16:31 GMT" time="23.234" errors="0">
  <testcase name="loginWithBothcorrect" time="23.234" classname="loginWithParameterAttributes.LoginWithBothCorrect"/>
</testsuite> <!-- loginWithParameterAttributes.LoginWithBothCorrect -->
