<?xml version="1.0" encoding="UTF-8"?>
<!-- Generated by org.testng.reporters.JUnitReportReporter -->
<testsuite hostname="Rithvik" name="loginWithParameterAttributes.LoginWithcorrectPassword" tests="1" failures="0" timestamp="2 Jun 2020 12:16:31 GMT" time="14.633" errors="0">
  <testcase name="loginWithCorrectPassword" time="14.633" classname="loginWithParameterAttributes.LoginWithcorrectPassword"/>
</testsuite> <!-- loginWithParameterAttributes.LoginWithcorrectPassword -->
